<?xml version="1.0" encoding="UTF-8"?>
<testng-results ignored="0" total="2" passed="2" failed="0" skipped="0">
  <reporter-output>
  </reporter-output>
  <suite started-at="2023-12-13T12:23:34 IST" name="Suite" finished-at="2023-12-13T12:24:32 IST" duration-ms="57862">
    <groups>
    </groups>
    <test started-at="2023-12-13T12:23:34 IST" name="Test" finished-at="2023-12-13T12:24:32 IST" duration-ms="57862">
      <class name="day29nov23POMFile.Runner">
        <test-method is-config="true" signature="setUp()[pri:0, instance:day29nov23POMFile.Runner@3349e9bb]" started-at="2023-12-13T12:23:34 IST" name="setUp" finished-at="2023-12-13T12:24:00 IST" duration-ms="25186" status="PASS">
          <reporter-output>
          </reporter-output>
        </test-method> <!-- setUp -->
        <test-method signature="addCustomer()[pri:0, instance:day29nov23POMFile.Runner@3349e9bb]" started-at="2023-12-13T12:24:00 IST" name="addCustomer" finished-at="2023-12-13T12:24:12 IST" duration-ms="12867" status="PASS">
          <reporter-output>
          </reporter-output>
        </test-method> <!-- addCustomer -->
        <test-method is-config="true" signature="tearDown()[pri:0, instance:day29nov23POMFile.Runner@3349e9bb]" started-at="2023-12-13T12:24:12 IST" name="tearDown" finished-at="2023-12-13T12:24:13 IST" duration-ms="359" status="PASS">
          <reporter-output>
          </reporter-output>
        </test-method> <!-- tearDown -->
        <test-method is-config="true" signature="setUp()[pri:0, instance:day29nov23POMFile.Runner@3349e9bb]" started-at="2023-12-13T12:24:13 IST" name="setUp" finished-at="2023-12-13T12:24:28 IST" duration-ms="14688" status="PASS">
          <reporter-output>
          </reporter-output>
        </test-method> <!-- setUp -->
        <test-method signature="loginPage()[pri:0, instance:day29nov23POMFile.Runner@3349e9bb]" started-at="2023-12-13T12:24:28 IST" name="loginPage" description="Verify login for Orange HRM" finished-at="2023-12-13T12:24:32 IST" duration-ms="4496" status="PASS">
          <reporter-output>
          </reporter-output>
        </test-method> <!-- loginPage -->
        <test-method is-config="true" signature="tearDown()[pri:0, instance:day29nov23POMFile.Runner@3349e9bb]" started-at="2023-12-13T12:24:32 IST" name="tearDown" finished-at="2023-12-13T12:24:32 IST" duration-ms="202" status="PASS">
          <reporter-output>
          </reporter-output>
        </test-method> <!-- tearDown -->
      </class> <!-- day29nov23POMFile.Runner -->
    </test> <!-- Test -->
  </suite> <!-- Suite -->
</testng-results>
