<?xml version="1.0" encoding="UTF-8"?>
<!-- Generated by org.testng.reporters.JUnitXMLReporter -->
<testsuite ignored="0" hostname="DESKTOP-CALVDQI" failures="0" tests="4" name="SeleniumTest" time="0.124" errors="0" timestamp="2023-11-23T19:23:02 IST">
  <testcase classname="day23nov23DataProvider.Payment" name="Test1" time="0.009"/>
  <testcase classname="day23nov23DataProvider.Payment" name="Test2" time="0.004"/>
  <testcase classname="day23nov23DataProvider.Shipping" name="Test3" time="0.002"/>
  <testcase classname="day23nov23DataProvider.Shipping" name="Test4" time="0.004"/>
</testsuite> <!-- SeleniumTest -->
